#
# There is insufficient memory for the Java Runtime Environment to continue.
# Native memory allocation (malloc) failed to allocate 664496 bytes for Chunk::new
# Possible reasons:
#   The system is out of physical RAM or swap space
#   In 32 bit mode, the process size limit was hit
# Possible solutions:
#   Reduce memory load on the system
#   Increase physical memory or swap space
#   Check if swap backing store is full
#   Use 64 bit Java on a 64 bit OS
#   Decrease Java heap size (-Xmx/-Xms)
#   Decrease number of Java threads
#   Decrease Java thread stack sizes (-Xss)
#   Set larger code cache with -XX:ReservedCodeCacheSize=
# This output file may be truncated or incomplete.
#
#  Out of Memory Error (allocation.cpp:390), pid=3164, tid=0x00000000000025a8
#
# JRE version: Java(TM) SE Runtime Environment (8.0_101-b13) (build 1.8.0_101-b13)
# Java VM: Java HotSpot(TM) 64-Bit Server VM (25.101-b13 mixed mode windows-amd64 compressed oops)
# Failed to write core dump. Minidumps are not enabled by default on client versions of Windows
#

---------------  T H R E A D  ---------------

Current thread (0x0000000015597800):  JavaThread "C2 CompilerThread1" daemon [_thread_in_native, id=9640, stack(0x0000000016ca0000,0x0000000016da0000)]

Stack: [0x0000000016ca0000,0x0000000016da0000]
[error occurred during error reporting (printing stack bounds), id 0xc0000005]

Native frames: (J=compiled Java code, j=interpreted, Vv=VM code, C=native code)


Current CompileTask:
C2:   7473 1397       4       com.android.dx.rop.code.Rops::ropFor (771 bytes)


---------------  P R O C E S S  ---------------

Java Threads: ( => current thread )
  0x0000000016ea4800 JavaThread "Service Thread" daemon [_thread_blocked, id=7588, stack(0x00000000172a0000,0x00000000173a0000)]
  0x000000001559d800 JavaThread "C1 CompilerThread2" daemon [_thread_blocked, id=8608, stack(0x0000000016da0000,0x0000000016ea0000)]
=>0x0000000015597800 JavaThread "C2 CompilerThread1" daemon [_thread_in_native, id=9640, stack(0x0000000016ca0000,0x0000000016da0000)]
  0x000000001553b800 JavaThread "C2 CompilerThread0" daemon [_thread_blocked, id=7788, stack(0x0000000016ba0000,0x0000000016ca0000)]
  0x000000001553a000 JavaThread "Attach Listener" daemon [_thread_blocked, id=936, stack(0x0000000016aa0000,0x0000000016ba0000)]
  0x0000000015538800 JavaThread "Signal Dispatcher" daemon [_thread_blocked, id=10624, stack(0x00000000169a0000,0x0000000016aa0000)]
  0x0000000002e64000 JavaThread "Finalizer" daemon [_thread_blocked, id=4204, stack(0x00000000167c0000,0x00000000168c0000)]
  0x0000000002e5f000 JavaThread "Reference Handler" daemon [_thread_blocked, id=3476, stack(0x00000000166c0000,0x00000000167c0000)]
  0x0000000002d71000 JavaThread "main" [_thread_in_Java, id=3292, stack(0x0000000002c70000,0x0000000002d70000)]

Other Threads:
  0x0000000015508000 VMThread [stack: 0x00000000165c0000,0x00000000166c0000] [id=3368]
  0x0000000016ec1800 WatcherThread [stack: 0x00000000173a0000,0x00000000174a0000] [id=7652]

VM state:not at safepoint (normal execution)

VM Mutex/Monitor currently owned by a thread: None

Heap:
 PSYoungGen      total 38400K, used 8771K [0x00000000eab00000, 0x00000000ed580000, 0x0000000100000000)
  eden space 33280K, 11% used [0x00000000eab00000,0x00000000eae93368,0x00000000ecb80000)
  from space 5120K, 99% used [0x00000000ecb80000,0x00000000ed07dc88,0x00000000ed080000)
  to   space 5120K, 0% used [0x00000000ed080000,0x00000000ed080000,0x00000000ed580000)
 ParOldGen       total 87552K, used 1809K [0x00000000c0000000, 0x00000000c5580000, 0x00000000eab00000)
  object space 87552K, 2% used [0x00000000c0000000,0x00000000c01c4628,0x00000000c5580000)
 Metaspace       used 5839K, capacity 7024K, committed 7296K, reserved 1056768K
  class space    used 560K, capacity 616K, committed 640K, reserved 1048576K

Card table byte_map: [0x0000000012230000,0x0000000012440000] byte_map_base: 0x0000000011c30000

Marking Bits: (ParMarkBitMap*) 0x000000006a44a6d0
 Begin Bits: [0x00000000129a0000, 0x00000000139a0000)
 End Bits:   [0x00000000139a0000, 0x00000000149a0000)

Polling page: 0x0000000001460000

CodeCache: size=245760Kb used=6307Kb max_used=6334Kb free=239452Kb
 bounds [0x0000000002e70000, 0x00000000034b0000, 0x0000000011e70000]
 total_blobs=1708 nmethods=1443 adapters=178
 compilation: enabled

Compilation events (10 events):
Event: 7.354 Thread 0x000000001559d800 nmethod 1442 0x000000000348d090 code [0x000000000348d240, 0x000000000348d708]
Event: 7.354 Thread 0x000000001559d800 1443       3       com.android.dx.dex.code.OutputCollector::getFinisher (26 bytes)
Event: 7.354 Thread 0x000000001559d800 nmethod 1443 0x000000000348d8d0 code [0x000000000348da60, 0x000000000348dcf8]
Event: 7.354 Thread 0x000000001559d800 1444       3       com.android.dx.dex.code.DalvCode::<init> (68 bytes)
Event: 7.354 Thread 0x000000001559d800 nmethod 1444 0x000000000348de10 code [0x000000000348dfa0, 0x000000000348e3b8]
Event: 7.408 Thread 0x000000001553b800 nmethod 1364 0x0000000003496990 code [0x0000000003496f20, 0x000000000349c580]
Event: 7.408 Thread 0x000000001553b800 1398       4       com.android.dx.cf.code.RopperMachine::jopToRopOpcode (1103 bytes)
Event: 7.421 Thread 0x000000001553b800 nmethod 1398 0x0000000003493350 code [0x0000000003493cc0, 0x0000000003494368]
Event: 7.421 Thread 0x000000001553b800 1408       4       com.android.dx.rop.code.RegisterSpec::make (7 bytes)
Event: 7.422 Thread 0x000000001553b800 nmethod 1408 0x000000000343ce50 code [0x000000000343cfa0, 0x000000000343d008]

GC Heap History (2 events):
Event: 7.108 GC heap before
{Heap before GC invocations=1 (full 0):
 PSYoungGen      total 38400K, used 33280K [0x00000000eab00000, 0x00000000ed580000, 0x0000000100000000)
  eden space 33280K, 100% used [0x00000000eab00000,0x00000000ecb80000,0x00000000ecb80000)
  from space 5120K, 0% used [0x00000000ed080000,0x00000000ed080000,0x00000000ed580000)
  to   space 5120K, 0% used [0x00000000ecb80000,0x00000000ecb80000,0x00000000ed080000)
 ParOldGen       total 87552K, used 0K [0x00000000c0000000, 0x00000000c5580000, 0x00000000eab00000)
  object space 87552K, 0% used [0x00000000c0000000,0x00000000c0000000,0x00000000c5580000)
 Metaspace       used 5795K, capacity 6960K, committed 7040K, reserved 1056768K
  class space    used 560K, capacity 616K, committed 640K, reserved 1048576K
Event: 7.292 GC heap after
Heap after GC invocations=1 (full 0):
 PSYoungGen      total 38400K, used 5111K [0x00000000eab00000, 0x00000000ed580000, 0x0000000100000000)
  eden space 33280K, 0% used [0x00000000eab00000,0x00000000eab00000,0x00000000ecb80000)
  from space 5120K, 99% used [0x00000000ecb80000,0x00000000ed07dc88,0x00000000ed080000)
  to   space 5120K, 0% used [0x00000000ed080000,0x00000000ed080000,0x00000000ed580000)
 ParOldGen       total 87552K, used 1809K [0x00000000c0000000, 0x00000000c5580000, 0x00000000eab00000)
  object space 87552K, 2% used [0x00000000c0000000,0x00000000c01c4628,0x00000000c5580000)
 Metaspace       used 5795K, capacity 6960K, committed 7040K, reserved 1056768K
  class space    used 560K, capacity 616K, committed 640K, reserved 1048576K
}

Deoptimization events (10 events):
Event: 3.377 Thread 0x0000000002d71000 Uncommon trap: reason=class_check action=maybe_recompile pc=0x0000000003106cf0 method=com.android.dx.ssa.NormalSsaInsn.accept(Lcom/android/dx/ssa/SsaInsn$Visitor;)V @ 9
Event: 3.377 Thread 0x0000000002d71000 Uncommon trap: reason=class_check action=maybe_recompile pc=0x0000000003106cf0 method=com.android.dx.ssa.NormalSsaInsn.accept(Lcom/android/dx/ssa/SsaInsn$Visitor;)V @ 9
Event: 3.406 Thread 0x0000000002d71000 Uncommon trap: reason=class_check action=maybe_recompile pc=0x000000000318bc90 method=com.android.dx.ssa.NormalSsaInsn.accept(Lcom/android/dx/ssa/SsaInsn$Visitor;)V @ 9
Event: 4.740 Thread 0x0000000002d71000 Uncommon trap: reason=unstable_if action=reinterpret pc=0x0000000003262edc method=com.android.dx.rop.code.RegisterSpecSet.put(Lcom/android/dx/rop/code/RegisterSpec;)V @ 77
Event: 6.321 Thread 0x0000000002d71000 Uncommon trap: reason=bimorphic action=maybe_recompile pc=0x000000000324f0ac method=java.util.HashMap.getNode(ILjava/lang/Object;)Ljava/util/HashMap$Node; @ 126
Event: 6.387 Thread 0x0000000002d71000 Uncommon trap: reason=unstable_if action=reinterpret pc=0x0000000003252b40 method=java.lang.String.<init>([CII)V @ 18
Event: 6.494 Thread 0x0000000002d71000 Uncommon trap: reason=unstable_if action=reinterpret pc=0x000000000335535c method=com.android.dx.cf.code.BytecodeArray.parseInstruction(ILcom/android/dx/cf/code/BytecodeArray$Visitor;)I @ 1198
Event: 6.516 Thread 0x0000000002d71000 Uncommon trap: reason=unstable_if action=reinterpret pc=0x00000000033759e0 method=com.android.dx.ssa.SCCP.simulateStmt(Lcom/android/dx/ssa/SsaInsn;)V @ 469
Event: 6.516 Thread 0x0000000002d71000 Uncommon trap: reason=unstable_if action=reinterpret pc=0x00000000033e148c method=com.android.dx.ssa.LiteralOpUpgrader$1.visitNonMoveInsn(Lcom/android/dx/ssa/NormalSsaInsn;)V @ 151
Event: 6.667 Thread 0x0000000002d71000 Uncommon trap: reason=unstable_if action=reinterpret pc=0x00000000031c11ec method=java.lang.String.<init>([CII)V @ 18

Internal exceptions (2 events):
Event: 0.686 Thread 0x0000000002d71000 Exception <a 'java/lang/NoSuchMethodError': Method sun.misc.Unsafe.defineClass(Ljava/lang/String;[BII)Ljava/lang/Class; name or signature does not match> (0x00000000eab07cc0) thrown at [C:\re\workspace\8-2-build-windows-amd64-cygwin\jdk8u101\7261\hotspot\s±Q¨Žóå?
Event: 0.686 Thread 0x0000000002d71000 Exception <a 'java/lang/NoSuchMethodError': Method sun.misc.Unsafe.prefetchRead(Ljava/lang/Object;J)V name or signature does not match> (0x00000000eab07fa8) thrown at [C:\re\workspace\8-2-build-windows-amd64-cygwin\jdk8u101\7261\hotspot\src\share\vm\prims\

Events (10 events):
Event: 6.516 Thread 0x0000000002d71000 DEOPT PACKING pc=0x00000000033759e0 sp=0x0000000002d6e7f0
Event: 6.516 Thread 0x0000000002d71000 DEOPT UNPACKING pc=0x0000000002eb582a sp=0x0000000002d6e7f0 mode 2
Event: 6.516 Thread 0x0000000002d71000 Uncommon trap: trap_request=0xffffff65 fr.pc=0x00000000033e148c
Event: 6.516 Thread 0x0000000002d71000 DEOPT PACKING pc=0x00000000033e148c sp=0x0000000002d6e800
Event: 6.516 Thread 0x0000000002d71000 DEOPT UNPACKING pc=0x0000000002eb582a sp=0x0000000002d6e800 mode 2
Event: 6.667 Thread 0x0000000002d71000 Uncommon trap: trap_request=0xffffff65 fr.pc=0x00000000031c11ec
Event: 6.667 Thread 0x0000000002d71000 DEOPT PACKING pc=0x00000000031c11ec sp=0x0000000002d6e8b0
Event: 6.667 Thread 0x0000000002d71000 DEOPT UNPACKING pc=0x0000000002eb582a sp=0x0000000002d6e878 mode 2
Event: 7.108 Executing VM operation: ParallelGCFailedAllocation
Event: 7.292 Executing VM operation: ParallelGCFailedAllocation done


Dynamic libraries:
0x00007ff65dfb0000 - 0x00007ff65dfe7000 	C:\Program Files\Java\jdk1.8.0_101\bin\java.exe
0x00007fffb0710000 - 0x00007fffb08d1000 	C:\Windows\SYSTEM32\ntdll.dll
0x00007fffaf830000 - 0x00007fffaf8dd000 	C:\Windows\system32\KERNEL32.DLL
0x00007fff9a6b0000 - 0x00007fff9a6e3000 	D:\Program Files (x86)\AVG\Av\avghooka.dll
0x00007fffad840000 - 0x00007fffada28000 	C:\Windows\system32\KERNELBASE.dll
0x00007fffafe20000 - 0x00007fffafec7000 	C:\Windows\system32\ADVAPI32.dll
0x00007fffaf330000 - 0x00007fffaf3cd000 	C:\Windows\system32\msvcrt.dll
0x00007fffaf4b0000 - 0x00007fffaf50b000 	C:\Windows\system32\sechost.dll
0x00007fffb0490000 - 0x00007fffb05ac000 	C:\Windows\system32\RPCRT4.dll
0x00007fffb05b0000 - 0x00007fffb0706000 	C:\Windows\system32\USER32.dll
0x00007fffafed0000 - 0x00007fffb0056000 	C:\Windows\system32\GDI32.dll
0x00007fff9b560000 - 0x00007fff9b7d4000 	C:\Windows\WinSxS\amd64_microsoft.windows.common-controls_6595b64144ccf1df_6.0.10586.494_none_a2d8b04ea53e3145\COMCTL32.dll
0x00007fffb0080000 - 0x00007fffb02fd000 	C:\Windows\system32\combase.dll
0x00007fffad7d0000 - 0x00007fffad83a000 	C:\Windows\system32\bcryptPrimitives.dll
0x00007fffb0380000 - 0x00007fffb03bb000 	C:\Windows\system32\IMM32.DLL
0x00000000697a0000 - 0x0000000069872000 	C:\Program Files\Java\jdk1.8.0_101\jre\bin\msvcr100.dll
0x0000000069c30000 - 0x000000006a4ca000 	C:\Program Files\Java\jdk1.8.0_101\jre\bin\server\jvm.dll
0x00007fffaf3d0000 - 0x00007fffaf3d8000 	C:\Windows\system32\PSAPI.DLL
0x00007fffa27f0000 - 0x00007fffa27f9000 	C:\Windows\SYSTEM32\WSOCK32.dll
0x00007fffb0420000 - 0x00007fffb048b000 	C:\Windows\system32\WS2_32.dll
0x00007fffaafb0000 - 0x00007fffaafd3000 	C:\Windows\SYSTEM32\WINMM.dll
0x00007fffa2330000 - 0x00007fffa233a000 	C:\Windows\SYSTEM32\VERSION.dll
0x00007fffaaf50000 - 0x00007fffaaf7c000 	C:\Windows\SYSTEM32\WINMMBASE.dll
0x00007fffada30000 - 0x00007fffada73000 	C:\Windows\system32\cfgmgr32.dll
0x0000000069c20000 - 0x0000000069c2f000 	C:\Program Files\Java\jdk1.8.0_101\jre\bin\verify.dll
0x0000000069bf0000 - 0x0000000069c19000 	C:\Program Files\Java\jdk1.8.0_101\jre\bin\java.dll
0x0000000069bd0000 - 0x0000000069be6000 	C:\Program Files\Java\jdk1.8.0_101\jre\bin\zip.dll
0x00007fffaddd0000 - 0x00007fffaf32c000 	C:\Windows\system32\SHELL32.dll
0x00007fffacf90000 - 0x00007fffad5d5000 	C:\Windows\system32\windows.storage.dll
0x00007fffafdc0000 - 0x00007fffafe12000 	C:\Windows\system32\shlwapi.dll
0x00007fffacd30000 - 0x00007fffacd3f000 	C:\Windows\system32\kernel.appcore.dll
0x00007fffad5e0000 - 0x00007fffad695000 	C:\Windows\system32\shcore.dll
0x00007fffacd60000 - 0x00007fffacdab000 	C:\Windows\system32\powrprof.dll
0x00007fffacd40000 - 0x00007fffacd54000 	C:\Windows\system32\profapi.dll

VM Arguments:
jvm_args: -Djava.awt.headless=true -Xmx1024M -Dfile.encoding=windows-1252 -Duser.country=US -Duser.language=en -Duser.variant 
java_command: com.android.dx.command.Main --dex --force-jumbo --multi-dex --output C:\project\LocationNearby2Ali\app\build\intermediates\transforms\dex\debug\folders\1000\10\com.google.android.gms-play-services-nearby-7.8.0_77f557fabe14653451eaa3ca22450a8256f63979 C:\project\LocationNearby2Ali\app\build\intermediates\exploded-aar\com.google.android.gms\play-services-nearby\7.8.0\jars\classes.jar
java_class_path (initial): C:\Users\Success\AppData\Local\Android\sdk\build-tools\22.0.1\lib\dx.jar
Launcher Type: SUN_STANDARD

Environment Variables:
PATH=C:\ProgramData\Oracle\Java\javapath;C:\Windows\system32;C:\Windows;C:\Windows\System32\Wbem;C:\Windows\System32\WindowsPowerShell\v1.0\;C:\Program Files\nodejs\;C:\Program Files (x86)\nodejs\;C:\Program Files (x86)\Brackets\command;C:\Users\Success\AppData\Roaming\npm;C:\Program Files (x86)\Java\jre7\bin
USERNAME=Success
OS=Windows_NT
PROCESSOR_IDENTIFIER=Intel64 Family 6 Model 42 Stepping 7, GenuineIntel



---------------  S Y S T E M  ---------------

OS: Windows 10.0 , 64 bit Build 10586 (10.0.10586.0)

CPU:total 4 (2 cores per cpu, 2 threads per core) family 6 model 42 stepping 7, cmov, cx8, fxsr, mmx, sse, sse2, sse3, ssse3, sse4.1, sse4.2, popcnt, avx, aes, clmul, ht, tsc, tscinvbit

Memory: 4k page, physical 8266800k(552912k free), swap 9315376k(5584k free)

vm_info: Java HotSpot(TM) 64-Bit Server VM (25.101-b13) for windows-amd64 JRE (1.8.0_101-b13), built on Jun 22 2016 01:21:29 by "java_re" with MS VC++ 10.0 (VS2010)

time: Mon Aug 15 14:56:08 2016
elapsed time: 7 seconds (0d 0h 0m 7s)

