#
# There is insufficient memory for the Java Runtime Environment to continue.
# Native memory allocation (malloc) failed to allocate 829536 bytes for Chunk::new
# Possible reasons:
#   The system is out of physical RAM or swap space
#   In 32 bit mode, the process size limit was hit
# Possible solutions:
#   Reduce memory load on the system
#   Increase physical memory or swap space
#   Check if swap backing store is full
#   Use 64 bit Java on a 64 bit OS
#   Decrease Java heap size (-Xmx/-Xms)
#   Decrease number of Java threads
#   Decrease Java thread stack sizes (-Xss)
#   Set larger code cache with -XX:ReservedCodeCacheSize=
# This output file may be truncated or incomplete.
#
#  Out of Memory Error (allocation.cpp:390), pid=10632, tid=0x00000000000025c0
#
# JRE version: Java(TM) SE Runtime Environment (8.0_101-b13) (build 1.8.0_101-b13)
# Java VM: Java HotSpot(TM) 64-Bit Server VM (25.101-b13 mixed mode windows-amd64 compressed oops)
# Failed to write core dump. Minidumps are not enabled by default on client versions of Windows
#

---------------  T H R E A D  ---------------

Current thread (0x0000000015611000):  JavaThread "C2 CompilerThread1" daemon [_thread_in_native, id=9664, stack(0x0000000016d40000,0x0000000016e40000)]

Stack: [0x0000000016d40000,0x0000000016e40000]
[error occurred during error reporting (printing stack bounds), id 0xc0000005]

Native frames: (J=compiled Java code, j=interpreted, Vv=VM code, C=native code)


Current CompileTask:
C2:   5183 1646   !   4       com.android.dx.cf.code.Ropper::processBlock (1101 bytes)


---------------  P R O C E S S  ---------------

Java Threads: ( => current thread )
  0x0000000016f55000 JavaThread "Service Thread" daemon [_thread_blocked, id=7500, stack(0x0000000017340000,0x0000000017440000)]
  0x000000001566d800 JavaThread "C1 CompilerThread2" daemon [_thread_blocked, id=8724, stack(0x0000000016e40000,0x0000000016f40000)]
=>0x0000000015611000 JavaThread "C2 CompilerThread1" daemon [_thread_in_native, id=9664, stack(0x0000000016d40000,0x0000000016e40000)]
  0x000000001560b800 JavaThread "C2 CompilerThread0" daemon [_thread_in_native, id=408, stack(0x0000000016c40000,0x0000000016d40000)]
  0x000000001560a000 JavaThread "Attach Listener" daemon [_thread_blocked, id=7688, stack(0x0000000016b40000,0x0000000016c40000)]
  0x0000000015608800 JavaThread "Signal Dispatcher" daemon [_thread_blocked, id=1200, stack(0x0000000016a40000,0x0000000016b40000)]
  0x0000000002f04000 JavaThread "Finalizer" daemon [_thread_blocked, id=5872, stack(0x0000000016860000,0x0000000016960000)]
  0x0000000002eff000 JavaThread "Reference Handler" daemon [_thread_blocked, id=4924, stack(0x0000000016760000,0x0000000016860000)]
  0x0000000002e11000 JavaThread "main" [_thread_in_vm, id=8384, stack(0x0000000002d00000,0x0000000002e00000)]

Other Threads:
  0x00000000155d8000 VMThread [stack: 0x0000000016660000,0x0000000016760000] [id=11212]
  0x0000000016f62000 WatcherThread [stack: 0x0000000017440000,0x0000000017540000] [id=9636]

VM state:not at safepoint (normal execution)

VM Mutex/Monitor currently owned by a thread: None

Heap:
 PSYoungGen      total 38400K, used 9899K [0x00000000eab00000, 0x00000000ed580000, 0x0000000100000000)
  eden space 33280K, 14% used [0x00000000eab00000,0x00000000eafaeee0,0x00000000ecb80000)
  from space 5120K, 99% used [0x00000000ed080000,0x00000000ed57c038,0x00000000ed580000)
  to   space 5120K, 0% used [0x00000000ecb80000,0x00000000ecb80000,0x00000000ed080000)
 ParOldGen       total 87552K, used 5947K [0x00000000c0000000, 0x00000000c5580000, 0x00000000eab00000)
  object space 87552K, 6% used [0x00000000c0000000,0x00000000c05cecb8,0x00000000c5580000)
 Metaspace       used 5899K, capacity 7088K, committed 7296K, reserved 1056768K
  class space    used 560K, capacity 616K, committed 640K, reserved 1048576K

Card table byte_map: [0x0000000012300000,0x0000000012510000] byte_map_base: 0x0000000011d00000

Marking Bits: (ParMarkBitMap*) 0x000000006a44a6d0
 Begin Bits: [0x0000000012a70000, 0x0000000013a70000)
 End Bits:   [0x0000000013a70000, 0x0000000014a70000)

Polling page: 0x0000000001440000

CodeCache: size=245760Kb used=7617Kb max_used=7630Kb free=238142Kb
 bounds [0x0000000002f40000, 0x00000000036c0000, 0x0000000011f40000]
 total_blobs=1913 nmethods=1648 adapters=178
 compilation: enabled

Compilation events (10 events):
Event: 5.107 Thread 0x000000001560b800 nmethod 1647 0x0000000003683b90 code [0x0000000003683d00, 0x0000000003683fd8]
Event: 5.107 Thread 0x000000001560b800 1648       4       com.android.dx.cf.code.RopperMachine::startBlock (48 bytes)
Event: 5.109 Thread 0x000000001560b800 nmethod 1648 0x00000000036a7ad0 code [0x00000000036a7c00, 0x00000000036a7d38]
Event: 5.109 Thread 0x000000001560b800 1649       4       com.android.dx.cf.code.OneLocalsArray::copy (5 bytes)
Event: 5.113 Thread 0x000000001560b800 nmethod 1649 0x0000000003692d90 code [0x0000000003692ee0, 0x0000000003693198]
Event: 5.113 Thread 0x000000001560b800 1650   !   4       com.android.dx.cf.code.Simulator::simulate (74 bytes)
Event: 5.117 Thread 0x000000001560b800 nmethod 1650 0x0000000003692850 code [0x00000000036929c0, 0x0000000003692b78]
Event: 5.117 Thread 0x000000001560b800 1651       4       com.android.dx.cf.code.Ropper::addOrReplaceBlock (66 bytes)
Event: 5.134 Thread 0x000000001560b800 nmethod 1651 0x00000000036a8290 code [0x00000000036a8420, 0x00000000036a8e48]
Event: 5.147 Thread 0x000000001560b800 1652       4       com.android.dx.cf.code.Ropper::mergeAndWorkAsNecessary (102 bytes)

GC Heap History (4 events):
Event: 2.577 GC heap before
{Heap before GC invocations=1 (full 0):
 PSYoungGen      total 38400K, used 33280K [0x00000000eab00000, 0x00000000ed580000, 0x0000000100000000)
  eden space 33280K, 100% used [0x00000000eab00000,0x00000000ecb80000,0x00000000ecb80000)
  from space 5120K, 0% used [0x00000000ed080000,0x00000000ed080000,0x00000000ed580000)
  to   space 5120K, 0% used [0x00000000ecb80000,0x00000000ecb80000,0x00000000ed080000)
 ParOldGen       total 87552K, used 0K [0x00000000c0000000, 0x00000000c5580000, 0x00000000eab00000)
  object space 87552K, 0% used [0x00000000c0000000,0x00000000c0000000,0x00000000c5580000)
 Metaspace       used 5737K, capacity 6960K, committed 7040K, reserved 1056768K
  class space    used 557K, capacity 616K, committed 640K, reserved 1048576K
Event: 2.597 GC heap after
Heap after GC invocations=1 (full 0):
 PSYoungGen      total 38400K, used 5100K [0x00000000eab00000, 0x00000000ed580000, 0x0000000100000000)
  eden space 33280K, 0% used [0x00000000eab00000,0x00000000eab00000,0x00000000ecb80000)
  from space 5120K, 99% used [0x00000000ecb80000,0x00000000ed07b140,0x00000000ed080000)
  to   space 5120K, 0% used [0x00000000ed080000,0x00000000ed080000,0x00000000ed580000)
 ParOldGen       total 87552K, used 1433K [0x00000000c0000000, 0x00000000c5580000, 0x00000000eab00000)
  object space 87552K, 1% used [0x00000000c0000000,0x00000000c0166510,0x00000000c5580000)
 Metaspace       used 5737K, capacity 6960K, committed 7040K, reserved 1056768K
  class space    used 557K, capacity 616K, committed 640K, reserved 1048576K
}
Event: 4.685 GC heap before
{Heap before GC invocations=2 (full 0):
 PSYoungGen      total 38400K, used 38380K [0x00000000eab00000, 0x00000000ed580000, 0x0000000100000000)
  eden space 33280K, 100% used [0x00000000eab00000,0x00000000ecb80000,0x00000000ecb80000)
  from space 5120K, 99% used [0x00000000ecb80000,0x00000000ed07b140,0x00000000ed080000)
  to   space 5120K, 0% used [0x00000000ed080000,0x00000000ed080000,0x00000000ed580000)
 ParOldGen       total 87552K, used 1433K [0x00000000c0000000, 0x00000000c5580000, 0x00000000eab00000)
  object space 87552K, 1% used [0x00000000c0000000,0x00000000c0166510,0x00000000c5580000)
 Metaspace       used 5881K, capacity 7024K, committed 7296K, reserved 1056768K
  class space    used 560K, capacity 616K, committed 640K, reserved 1048576K
Event: 4.775 GC heap after
Heap after GC invocations=2 (full 0):
 PSYoungGen      total 38400K, used 5104K [0x00000000eab00000, 0x00000000ed580000, 0x0000000100000000)
  eden space 33280K, 0% used [0x00000000eab00000,0x00000000eab00000,0x00000000ecb80000)
  from space 5120K, 99% used [0x00000000ed080000,0x00000000ed57c038,0x00000000ed580000)
  to   space 5120K, 0% used [0x00000000ecb80000,0x00000000ecb80000,0x00000000ed080000)
 ParOldGen       total 87552K, used 5947K [0x00000000c0000000, 0x00000000c5580000, 0x00000000eab00000)
  object space 87552K, 6% used [0x00000000c0000000,0x00000000c05cecb8,0x00000000c5580000)
 Metaspace       used 5881K, capacity 7024K, committed 7296K, reserved 1056768K
  class space    used 560K, capacity 616K, committed 640K, reserved 1048576K
}

Deoptimization events (10 events):
Event: 2.909 Thread 0x0000000002e11000 Uncommon trap: reason=unstable_if action=reinterpret pc=0x00000000034af9b4 method=com.android.dx.ssa.SsaBasicBlock.scheduleMovesFromPhis()V @ 63
Event: 3.293 Thread 0x0000000002e11000 Uncommon trap: reason=unstable_if action=reinterpret pc=0x00000000034a1c78 method=com.android.dx.rop.code.DexTranslationAdvice.requiresSourcesInOrder(Lcom/android/dx/rop/code/Rop;Lcom/android/dx/rop/code/RegisterSpecList;)Z @ 21
Event: 3.683 Thread 0x0000000002e11000 Uncommon trap: reason=unstable_if action=reinterpret pc=0x0000000003525ca8 method=com.android.dx.ssa.SCCP.simulateBranch(Lcom/android/dx/ssa/SsaInsn;)V @ 64
Event: 3.683 Thread 0x0000000002e11000 Uncommon trap: reason=unloaded action=reinterpret pc=0x0000000003529f7c method=com.android.dx.ssa.LiteralOpUpgrader$1.visitNonMoveInsn(Lcom/android/dx/ssa/NormalSsaInsn;)V @ 72
Event: 3.684 Thread 0x0000000002e11000 Uncommon trap: reason=unstable_if action=reinterpret pc=0x0000000003323b1c method=com.android.dx.ssa.SsaMethod.updateOneDefinition(Lcom/android/dx/ssa/SsaInsn;Lcom/android/dx/rop/code/RegisterSpec;)V @ 4
Event: 3.949 Thread 0x0000000002e11000 Uncommon trap: reason=class_check action=maybe_recompile pc=0x00000000035d224c method=com.android.dx.cf.code.RopperMachine.run(Lcom/android/dx/cf/code/Frame;II)V @ 988
Event: 3.949 Thread 0x0000000002e11000 Uncommon trap: reason=class_check action=maybe_recompile pc=0x00000000035d224c method=com.android.dx.cf.code.RopperMachine.run(Lcom/android/dx/cf/code/Frame;II)V @ 988
Event: 3.958 Thread 0x0000000002e11000 Uncommon trap: reason=class_check action=maybe_recompile pc=0x00000000035d224c method=com.android.dx.cf.code.RopperMachine.run(Lcom/android/dx/cf/code/Frame;II)V @ 988
Event: 4.025 Thread 0x0000000002e11000 Uncommon trap: reason=class_check action=maybe_recompile pc=0x00000000035d224c method=com.android.dx.cf.code.RopperMachine.run(Lcom/android/dx/cf/code/Frame;II)V @ 988
Event: 4.301 Thread 0x0000000002e11000 Uncommon trap: reason=unstable_if action=reinterpret pc=0x00000000035f8a20 method=com.android.dx.ssa.InterferenceRegisterMapper.interferes(III)Z @ 35

Internal exceptions (2 events):
Event: 0.213 Thread 0x0000000002e11000 Exception <a 'java/lang/NoSuchMethodError': Method sun.misc.Unsafe.defineClass(Ljava/lang/String;[BII)Ljava/lang/Class; name or signature does not match> (0x00000000eab07cc0) thrown at [C:\re\workspace\8-2-build-windows-amd64-cygwin\jdk8u101\7261\hotspot\sDñLË?
Event: 0.213 Thread 0x0000000002e11000 Exception <a 'java/lang/NoSuchMethodError': Method sun.misc.Unsafe.prefetchRead(Ljava/lang/Object;J)V name or signature does not match> (0x00000000eab07fa8) thrown at [C:\re\workspace\8-2-build-windows-amd64-cygwin\jdk8u101\7261\hotspot\src\share\vm\prims\

Events (10 events):
Event: 4.025 Thread 0x0000000002e11000 DEOPT UNPACKING pc=0x0000000002f8582a sp=0x0000000002dfe8a8 mode 2
Event: 4.301 Thread 0x0000000002e11000 Uncommon trap: trap_request=0xffffff65 fr.pc=0x00000000035f8a20
Event: 4.301 Thread 0x0000000002e11000 DEOPT PACKING pc=0x00000000035f8a20 sp=0x0000000002dfeb50
Event: 4.301 Thread 0x0000000002e11000 DEOPT UNPACKING pc=0x0000000002f8582a sp=0x0000000002dfead8 mode 2
Event: 4.341 Executing VM operation: EnableBiasedLocking
Event: 4.432 Executing VM operation: EnableBiasedLocking done
Event: 4.684 Executing VM operation: ParallelGCFailedAllocation
Event: 4.775 Executing VM operation: ParallelGCFailedAllocation done
Event: 4.897 Thread 0x0000000002e11000 DEOPT PACKING pc=0x0000000003379c92 sp=0x0000000002dfe860
Event: 4.897 Thread 0x0000000002e11000 DEOPT UNPACKING pc=0x0000000002f8787f sp=0x0000000002dfe6a0 mode 0


Dynamic libraries:
0x00007ff65dfb0000 - 0x00007ff65dfe7000 	C:\Program Files\Java\jdk1.8.0_101\bin\java.exe
0x00007fffb0710000 - 0x00007fffb08d1000 	C:\Windows\SYSTEM32\ntdll.dll
0x00007fffaf830000 - 0x00007fffaf8dd000 	C:\Windows\system32\KERNEL32.DLL
0x00007fff9a6b0000 - 0x00007fff9a6e3000 	D:\Program Files (x86)\AVG\Av\avghooka.dll
0x00007fffad840000 - 0x00007fffada28000 	C:\Windows\system32\KERNELBASE.dll
0x00007fffafe20000 - 0x00007fffafec7000 	C:\Windows\system32\ADVAPI32.dll
0x00007fffaf330000 - 0x00007fffaf3cd000 	C:\Windows\system32\msvcrt.dll
0x00007fffaf4b0000 - 0x00007fffaf50b000 	C:\Windows\system32\sechost.dll
0x00007fffb0490000 - 0x00007fffb05ac000 	C:\Windows\system32\RPCRT4.dll
0x00007fffb05b0000 - 0x00007fffb0706000 	C:\Windows\system32\USER32.dll
0x00007fffafed0000 - 0x00007fffb0056000 	C:\Windows\system32\GDI32.dll
0x00007fff9b560000 - 0x00007fff9b7d4000 	C:\Windows\WinSxS\amd64_microsoft.windows.common-controls_6595b64144ccf1df_6.0.10586.494_none_a2d8b04ea53e3145\COMCTL32.dll
0x00007fffb0080000 - 0x00007fffb02fd000 	C:\Windows\system32\combase.dll
0x00007fffad7d0000 - 0x00007fffad83a000 	C:\Windows\system32\bcryptPrimitives.dll
0x00007fffb0380000 - 0x00007fffb03bb000 	C:\Windows\system32\IMM32.DLL
0x00000000697a0000 - 0x0000000069872000 	C:\Program Files\Java\jdk1.8.0_101\jre\bin\msvcr100.dll
0x0000000069c30000 - 0x000000006a4ca000 	C:\Program Files\Java\jdk1.8.0_101\jre\bin\server\jvm.dll
0x00007fffaf3d0000 - 0x00007fffaf3d8000 	C:\Windows\system32\PSAPI.DLL
0x00007fffa27f0000 - 0x00007fffa27f9000 	C:\Windows\SYSTEM32\WSOCK32.dll
0x00007fffb0420000 - 0x00007fffb048b000 	C:\Windows\system32\WS2_32.dll
0x00007fffaafb0000 - 0x00007fffaafd3000 	C:\Windows\SYSTEM32\WINMM.dll
0x00007fffa2330000 - 0x00007fffa233a000 	C:\Windows\SYSTEM32\VERSION.dll
0x00007fffaaf50000 - 0x00007fffaaf7c000 	C:\Windows\SYSTEM32\WINMMBASE.dll
0x00007fffada30000 - 0x00007fffada73000 	C:\Windows\system32\cfgmgr32.dll
0x0000000069c20000 - 0x0000000069c2f000 	C:\Program Files\Java\jdk1.8.0_101\jre\bin\verify.dll
0x0000000069bf0000 - 0x0000000069c19000 	C:\Program Files\Java\jdk1.8.0_101\jre\bin\java.dll
0x0000000069bd0000 - 0x0000000069be6000 	C:\Program Files\Java\jdk1.8.0_101\jre\bin\zip.dll
0x00007fffaddd0000 - 0x00007fffaf32c000 	C:\Windows\system32\SHELL32.dll
0x00007fffacf90000 - 0x00007fffad5d5000 	C:\Windows\system32\windows.storage.dll
0x00007fffafdc0000 - 0x00007fffafe12000 	C:\Windows\system32\shlwapi.dll
0x00007fffacd30000 - 0x00007fffacd3f000 	C:\Windows\system32\kernel.appcore.dll
0x00007fffad5e0000 - 0x00007fffad695000 	C:\Windows\system32\shcore.dll
0x00007fffacd60000 - 0x00007fffacdab000 	C:\Windows\system32\powrprof.dll
0x00007fffacd40000 - 0x00007fffacd54000 	C:\Windows\system32\profapi.dll

VM Arguments:
jvm_args: -Djava.awt.headless=true -Xmx1024M -Dfile.encoding=windows-1252 -Duser.country=US -Duser.language=en -Duser.variant 
java_command: com.android.dx.command.Main --dex --force-jumbo --multi-dex --output C:\project\LocationNearby2Ali\app\build\intermediates\transforms\dex\debug\folders\1000\10\com.google.android.gms-play-services-maps-7.8.0_cab43aaca2fe5f39ed53eb04cf2599e514fb031f C:\project\LocationNearby2Ali\app\build\intermediates\exploded-aar\com.google.android.gms\play-services-maps\7.8.0\jars\classes.jar
java_class_path (initial): C:\Users\Success\AppData\Local\Android\sdk\build-tools\22.0.1\lib\dx.jar
Launcher Type: SUN_STANDARD

Environment Variables:
PATH=C:\ProgramData\Oracle\Java\javapath;C:\Windows\system32;C:\Windows;C:\Windows\System32\Wbem;C:\Windows\System32\WindowsPowerShell\v1.0\;C:\Program Files\nodejs\;C:\Program Files (x86)\nodejs\;C:\Program Files (x86)\Brackets\command;C:\Users\Success\AppData\Roaming\npm;C:\Program Files (x86)\Java\jre7\bin
USERNAME=Success
OS=Windows_NT
PROCESSOR_IDENTIFIER=Intel64 Family 6 Model 42 Stepping 7, GenuineIntel



---------------  S Y S T E M  ---------------

OS: Windows 10.0 , 64 bit Build 10586 (10.0.10586.0)

CPU:total 4 (2 cores per cpu, 2 threads per core) family 6 model 42 stepping 7, cmov, cx8, fxsr, mmx, sse, sse2, sse3, ssse3, sse4.1, sse4.2, popcnt, avx, aes, clmul, ht, tsc, tscinvbit

Memory: 4k page, physical 8266800k(576552k free), swap 9315376k(5884k free)

vm_info: Java HotSpot(TM) 64-Bit Server VM (25.101-b13) for windows-amd64 JRE (1.8.0_101-b13), built on Jun 22 2016 01:21:29 by "java_re" with MS VC++ 10.0 (VS2010)

time: Mon Aug 15 14:56:00 2016
elapsed time: 5 seconds (0d 0h 0m 5s)

