#
# There is insufficient memory for the Java Runtime Environment to continue.
# Native memory allocation (malloc) failed to allocate 552624 bytes for Chunk::new
# Possible reasons:
#   The system is out of physical RAM or swap space
#   In 32 bit mode, the process size limit was hit
# Possible solutions:
#   Reduce memory load on the system
#   Increase physical memory or swap space
#   Check if swap backing store is full
#   Use 64 bit Java on a 64 bit OS
#   Decrease Java heap size (-Xmx/-Xms)
#   Decrease number of Java threads
#   Decrease Java thread stack sizes (-Xss)
#   Set larger code cache with -XX:ReservedCodeCacheSize=
# This output file may be truncated or incomplete.
#
#  Out of Memory Error (allocation.cpp:390), pid=7116, tid=0x0000000000001fa8
#
# JRE version: Java(TM) SE Runtime Environment (8.0_101-b13) (build 1.8.0_101-b13)
# Java VM: Java HotSpot(TM) 64-Bit Server VM (25.101-b13 mixed mode windows-amd64 compressed oops)
# Failed to write core dump. Minidumps are not enabled by default on client versions of Windows
#

---------------  T H R E A D  ---------------

Current thread (0x00000000148fb000):  JavaThread "C2 CompilerThread0" daemon [_thread_in_native, id=8104, stack(0x0000000015e50000,0x0000000015f50000)]

Stack: [0x0000000015e50000,0x0000000015f50000]
[error occurred during error reporting (printing stack bounds), id 0xc0000005]

Native frames: (J=compiled Java code, j=interpreted, Vv=VM code, C=native code)


Current CompileTask:
C2:   3602 1419   !   4       com.android.dx.cf.code.RopperMachine::run (1550 bytes)


---------------  P R O C E S S  ---------------

Java Threads: ( => current thread )
  0x0000000016154800 JavaThread "Service Thread" daemon [_thread_blocked, id=11244, stack(0x0000000016550000,0x0000000016650000)]
  0x000000001495a000 JavaThread "C1 CompilerThread2" daemon [_thread_blocked, id=1516, stack(0x0000000016050000,0x0000000016150000)]
  0x0000000014901800 JavaThread "C2 CompilerThread1" daemon [_thread_blocked, id=4392, stack(0x0000000015f50000,0x0000000016050000)]
=>0x00000000148fb000 JavaThread "C2 CompilerThread0" daemon [_thread_in_native, id=8104, stack(0x0000000015e50000,0x0000000015f50000)]
  0x00000000148f9800 JavaThread "Attach Listener" daemon [_thread_blocked, id=788, stack(0x0000000015d50000,0x0000000015e50000)]
  0x00000000148f8800 JavaThread "Signal Dispatcher" daemon [_thread_blocked, id=576, stack(0x0000000015c50000,0x0000000015d50000)]
  0x00000000148ea000 JavaThread "Finalizer" daemon [_thread_blocked, id=10320, stack(0x0000000015b50000,0x0000000015c50000)]
  0x00000000148c8800 JavaThread "Reference Handler" daemon [_thread_blocked, id=2952, stack(0x0000000015a50000,0x0000000015b50000)]
  0x0000000002131000 JavaThread "main" [_thread_in_Java, id=8780, stack(0x0000000002030000,0x0000000002130000)]

Other Threads:
  0x00000000148c7000 VMThread [stack: 0x0000000015950000,0x0000000015a50000] [id=10160]
  0x0000000016179800 WatcherThread [stack: 0x0000000016650000,0x0000000016750000] [id=7796]

VM state:not at safepoint (normal execution)

VM Mutex/Monitor currently owned by a thread: None

Heap:
 PSYoungGen      total 38400K, used 9420K [0x00000000eab00000, 0x00000000ef600000, 0x0000000100000000)
  eden space 33280K, 12% used [0x00000000eab00000,0x00000000eaf38f38,0x00000000ecb80000)
  from space 5120K, 99% used [0x00000000ecb80000,0x00000000ed07a428,0x00000000ed080000)
  to   space 5120K, 0% used [0x00000000ef100000,0x00000000ef100000,0x00000000ef600000)
 ParOldGen       total 87552K, used 2010K [0x00000000c0000000, 0x00000000c5580000, 0x00000000eab00000)
  object space 87552K, 2% used [0x00000000c0000000,0x00000000c01f6b08,0x00000000c5580000)
 Metaspace       used 5843K, capacity 7024K, committed 7296K, reserved 1056768K
  class space    used 567K, capacity 616K, committed 640K, reserved 1048576K

Card table byte_map: [0x00000000115f0000,0x0000000011800000] byte_map_base: 0x0000000010ff0000

Marking Bits: (ParMarkBitMap*) 0x000000006a44a6d0
 Begin Bits: [0x0000000011d60000, 0x0000000012d60000)
 End Bits:   [0x0000000012d60000, 0x0000000013d60000)

Polling page: 0x0000000000680000

CodeCache: size=245760Kb used=5973Kb max_used=5999Kb free=239786Kb
 bounds [0x0000000002230000, 0x0000000002820000, 0x0000000011230000]
 total_blobs=1685 nmethods=1420 adapters=178
 compilation: enabled

Compilation events (10 events):
Event: 3.452 Thread 0x00000000148fb000 nmethod 1416 0x00000000027ed7d0 code [0x00000000027ed900, 0x00000000027ed9d8]
Event: 3.453 Thread 0x000000001495a000 nmethod 1417 0x00000000027f5d10 code [0x00000000027f60a0, 0x00000000027f7fc8]
Event: 3.454 Thread 0x00000000148fb000 1418       4       com.android.dx.cf.code.RopperMachine::getSources (264 bytes)
Event: 3.457 Thread 0x000000001495a000 1420       3       com.android.dx.ssa.back.FirstFitLocalCombiningAllocator::handleCheckCastResults (413 bytes)
Event: 3.461 Thread 0x000000001495a000 nmethod 1420 0x00000000027f9590 code [0x00000000027f9b60, 0x00000000027fda38]
Event: 3.466 Thread 0x000000001495a000 1421       3       com.android.dx.ssa.Dominators::<init> (55 bytes)
Event: 3.466 Thread 0x000000001495a000 nmethod 1421 0x00000000027ece50 code [0x00000000027ecfe0, 0x00000000027ed530]
Event: 3.474 Thread 0x00000000148fb000 nmethod 1418 0x0000000002802890 code [0x0000000002802a80, 0x0000000002803538]
Event: 3.474 Thread 0x00000000148fb000 1419   !   4       com.android.dx.cf.code.RopperMachine::run (1550 bytes)
Event: 3.521 Thread 0x0000000014901800 nmethod 1397 0x0000000002809710 code [0x0000000002809b40, 0x000000000280d568]

GC Heap History (2 events):
Event: 3.141 GC heap before
{Heap before GC invocations=1 (full 0):
 PSYoungGen      total 38400K, used 33280K [0x00000000eab00000, 0x00000000ed580000, 0x0000000100000000)
  eden space 33280K, 100% used [0x00000000eab00000,0x00000000ecb80000,0x00000000ecb80000)
  from space 5120K, 0% used [0x00000000ed080000,0x00000000ed080000,0x00000000ed580000)
  to   space 5120K, 0% used [0x00000000ecb80000,0x00000000ecb80000,0x00000000ed080000)
 ParOldGen       total 87552K, used 0K [0x00000000c0000000, 0x00000000c5580000, 0x00000000eab00000)
  object space 87552K, 0% used [0x00000000c0000000,0x00000000c0000000,0x00000000c5580000)
 Metaspace       used 5820K, capacity 7024K, committed 7296K, reserved 1056768K
  class space    used 567K, capacity 616K, committed 640K, reserved 1048576K
Event: 3.260 GC heap after
Heap after GC invocations=1 (full 0):
 PSYoungGen      total 38400K, used 5097K [0x00000000eab00000, 0x00000000ef600000, 0x0000000100000000)
  eden space 33280K, 0% used [0x00000000eab00000,0x00000000eab00000,0x00000000ecb80000)
  from space 5120K, 99% used [0x00000000ecb80000,0x00000000ed07a428,0x00000000ed080000)
  to   space 5120K, 0% used [0x00000000ef100000,0x00000000ef100000,0x00000000ef600000)
 ParOldGen       total 87552K, used 2010K [0x00000000c0000000, 0x00000000c5580000, 0x00000000eab00000)
  object space 87552K, 2% used [0x00000000c0000000,0x00000000c01f6b08,0x00000000c5580000)
 Metaspace       used 5820K, capacity 7024K, committed 7296K, reserved 1056768K
  class space    used 567K, capacity 616K, committed 640K, reserved 1048576K
}

Deoptimization events (10 events):
Event: 1.087 Thread 0x0000000002131000 Uncommon trap: reason=unstable_if action=reinterpret pc=0x0000000002458e70 method=java.util.BitSet.nextSetBit(I)I @ 87
Event: 1.539 Thread 0x0000000002131000 Uncommon trap: reason=bimorphic action=maybe_recompile pc=0x000000000254683c method=java.util.HashMap.getNode(ILjava/lang/Object;)Ljava/util/HashMap$Node; @ 126
Event: 1.539 Thread 0x0000000002131000 Uncommon trap: reason=bimorphic action=maybe_recompile pc=0x000000000254683c method=java.util.HashMap.getNode(ILjava/lang/Object;)Ljava/util/HashMap$Node; @ 126
Event: 1.540 Thread 0x0000000002131000 Uncommon trap: reason=bimorphic action=maybe_recompile pc=0x000000000254683c method=java.util.HashMap.getNode(ILjava/lang/Object;)Ljava/util/HashMap$Node; @ 126
Event: 1.540 Thread 0x0000000002131000 Uncommon trap: reason=bimorphic action=maybe_recompile pc=0x000000000254683c method=java.util.HashMap.getNode(ILjava/lang/Object;)Ljava/util/HashMap$Node; @ 126
Event: 1.540 Thread 0x0000000002131000 Uncommon trap: reason=unstable_if action=reinterpret pc=0x00000000025eea9c method=com.android.dx.rop.cst.Constant.compareTo(Lcom/android/dx/rop/cst/Constant;)I @ 12
Event: 1.540 Thread 0x0000000002131000 Uncommon trap: reason=bimorphic action=maybe_recompile pc=0x000000000243f564 method=java.util.HashMap.getNode(ILjava/lang/Object;)Ljava/util/HashMap$Node; @ 126
Event: 1.565 Thread 0x0000000002131000 Uncommon trap: reason=unstable_if action=reinterpret pc=0x000000000262f654 method=com.android.dx.ssa.SsaRenamer$BlockRenamer.addMapping(ILcom/android/dx/rop/code/RegisterSpec;)V @ 120
Event: 1.631 Thread 0x0000000002131000 Uncommon trap: reason=unstable_if action=reinterpret pc=0x00000000025ed928 method=com.android.dx.rop.code.RegisterSpecSet.put(Lcom/android/dx/rop/code/RegisterSpec;)V @ 77
Event: 1.725 Thread 0x0000000002131000 Uncommon trap: reason=null_check action=make_not_entrant pc=0x0000000002638da0 method=com.android.dx.rop.type.Type.equals(Ljava/lang/Object;)Z @ 8

Internal exceptions (3 events):
Event: 0.141 Thread 0x0000000002131000 Exception <a 'java/lang/NoSuchMethodError': Method sun.misc.Unsafe.defineClass(Ljava/lang/String;[BII)Ljava/lang/Class; name or signature does not match> (0x00000000eab07cc0) thrown at [C:\re\workspace\8-2-build-windows-amd64-cygwin\jdk8u101\7261\hotspot\s	^q¯M
Â?
Event: 0.141 Thread 0x0000000002131000 Exception <a 'java/lang/NoSuchMethodError': Method sun.misc.Unsafe.prefetchRead(Ljava/lang/Object;J)V name or signature does not match> (0x00000000eab07fa8) thrown at [C:\re\workspace\8-2-build-windows-amd64-cygwin\jdk8u101\7261\hotspot\src\share\vm\prims\ŒU;¯™û?
Event: 1.725 Thread 0x0000000002131000 Implicit null exception at 0x0000000002638ca2 to 0x0000000002638d92

Events (10 events):
Event: 2.174 loading class com/android/dx/dex/file/ParameterAnnotationStruct
Event: 2.174 loading class com/android/dx/dex/file/ParameterAnnotationStruct done
Event: 2.175 loading class com/android/dx/dex/file/UniformListItem
Event: 2.175 loading class com/android/dx/dex/file/UniformListItem done
Event: 2.175 loading class com/android/dx/dex/file/AnnotationSetRefItem
Event: 2.175 loading class com/android/dx/dex/file/AnnotationSetRefItem done
Event: 3.141 Executing VM operation: ParallelGCFailedAllocation
Event: 3.260 Executing VM operation: ParallelGCFailedAllocation done
Event: 3.450 loading class com/android/dx/rop/code/RegisterSpec$1
Event: 3.450 loading class com/android/dx/rop/code/RegisterSpec$1 done


Dynamic libraries:
0x00007ff65dfb0000 - 0x00007ff65dfe7000 	C:\Program Files\Java\jdk1.8.0_101\bin\java.exe
0x00007fffb0710000 - 0x00007fffb08d1000 	C:\Windows\SYSTEM32\ntdll.dll
0x00007fffaf830000 - 0x00007fffaf8dd000 	C:\Windows\system32\KERNEL32.DLL
0x00007fff9a6b0000 - 0x00007fff9a6e3000 	D:\Program Files (x86)\AVG\Av\avghooka.dll
0x00007fffad840000 - 0x00007fffada28000 	C:\Windows\system32\KERNELBASE.dll
0x00007fffafe20000 - 0x00007fffafec7000 	C:\Windows\system32\ADVAPI32.dll
0x00007fffaf330000 - 0x00007fffaf3cd000 	C:\Windows\system32\msvcrt.dll
0x00007fffaf4b0000 - 0x00007fffaf50b000 	C:\Windows\system32\sechost.dll
0x00007fffb0490000 - 0x00007fffb05ac000 	C:\Windows\system32\RPCRT4.dll
0x00007fffb05b0000 - 0x00007fffb0706000 	C:\Windows\system32\USER32.dll
0x00007fffafed0000 - 0x00007fffb0056000 	C:\Windows\system32\GDI32.dll
0x00007fff9b560000 - 0x00007fff9b7d4000 	C:\Windows\WinSxS\amd64_microsoft.windows.common-controls_6595b64144ccf1df_6.0.10586.494_none_a2d8b04ea53e3145\COMCTL32.dll
0x00007fffb0080000 - 0x00007fffb02fd000 	C:\Windows\system32\combase.dll
0x00007fffad7d0000 - 0x00007fffad83a000 	C:\Windows\system32\bcryptPrimitives.dll
0x00007fffb0380000 - 0x00007fffb03bb000 	C:\Windows\system32\IMM32.DLL
0x00000000697a0000 - 0x0000000069872000 	C:\Program Files\Java\jdk1.8.0_101\jre\bin\msvcr100.dll
0x0000000069c30000 - 0x000000006a4ca000 	C:\Program Files\Java\jdk1.8.0_101\jre\bin\server\jvm.dll
0x00007fffaf3d0000 - 0x00007fffaf3d8000 	C:\Windows\system32\PSAPI.DLL
0x00007fffa27f0000 - 0x00007fffa27f9000 	C:\Windows\SYSTEM32\WSOCK32.dll
0x00007fffb0420000 - 0x00007fffb048b000 	C:\Windows\system32\WS2_32.dll
0x00007fffaafb0000 - 0x00007fffaafd3000 	C:\Windows\SYSTEM32\WINMM.dll
0x00007fffa2330000 - 0x00007fffa233a000 	C:\Windows\SYSTEM32\VERSION.dll
0x00007fffaaf50000 - 0x00007fffaaf7c000 	C:\Windows\SYSTEM32\WINMMBASE.dll
0x00007fffada30000 - 0x00007fffada73000 	C:\Windows\system32\cfgmgr32.dll
0x0000000069c20000 - 0x0000000069c2f000 	C:\Program Files\Java\jdk1.8.0_101\jre\bin\verify.dll
0x0000000069bf0000 - 0x0000000069c19000 	C:\Program Files\Java\jdk1.8.0_101\jre\bin\java.dll
0x0000000069bd0000 - 0x0000000069be6000 	C:\Program Files\Java\jdk1.8.0_101\jre\bin\zip.dll
0x00007fffaddd0000 - 0x00007fffaf32c000 	C:\Windows\system32\SHELL32.dll
0x00007fffacf90000 - 0x00007fffad5d5000 	C:\Windows\system32\windows.storage.dll
0x00007fffafdc0000 - 0x00007fffafe12000 	C:\Windows\system32\shlwapi.dll
0x00007fffacd30000 - 0x00007fffacd3f000 	C:\Windows\system32\kernel.appcore.dll
0x00007fffad5e0000 - 0x00007fffad695000 	C:\Windows\system32\shcore.dll
0x00007fffacd60000 - 0x00007fffacdab000 	C:\Windows\system32\powrprof.dll
0x00007fffacd40000 - 0x00007fffacd54000 	C:\Windows\system32\profapi.dll

VM Arguments:
jvm_args: -Djava.awt.headless=true -Xmx1024M -Dfile.encoding=windows-1252 -Duser.country=US -Duser.language=en -Duser.variant 
java_command: com.android.dx.command.Main --dex --force-jumbo --multi-dex --output C:\project\LocationNearby2Ali\app\build\intermediates\transforms\dex\debug\folders\1000\10\com.android.support-support-v4-22.2.1_745eb3595934307d1e995fa71717fae17527cfce C:\project\LocationNearby2Ali\app\build\intermediates\exploded-aar\com.android.support\support-v4\22.2.1\jars\classes.jar
java_class_path (initial): C:\Users\Success\AppData\Local\Android\sdk\build-tools\22.0.1\lib\dx.jar
Launcher Type: SUN_STANDARD

Environment Variables:
PATH=C:\ProgramData\Oracle\Java\javapath;C:\Windows\system32;C:\Windows;C:\Windows\System32\Wbem;C:\Windows\System32\WindowsPowerShell\v1.0\;C:\Program Files\nodejs\;C:\Program Files (x86)\nodejs\;C:\Program Files (x86)\Brackets\command;C:\Users\Success\AppData\Roaming\npm;C:\Program Files (x86)\Java\jre7\bin
USERNAME=Success
OS=Windows_NT
PROCESSOR_IDENTIFIER=Intel64 Family 6 Model 42 Stepping 7, GenuineIntel



---------------  S Y S T E M  ---------------

OS: Windows 10.0 , 64 bit Build 10586 (10.0.10586.0)

CPU:total 4 (2 cores per cpu, 2 threads per core) family 6 model 42 stepping 7, cmov, cx8, fxsr, mmx, sse, sse2, sse3, ssse3, sse4.1, sse4.2, popcnt, avx, aes, clmul, ht, tsc, tscinvbit

Memory: 4k page, physical 8266800k(688216k free), swap 9315376k(4288k free)

vm_info: Java HotSpot(TM) 64-Bit Server VM (25.101-b13) for windows-amd64 JRE (1.8.0_101-b13), built on Jun 22 2016 01:21:29 by "java_re" with MS VC++ 10.0 (VS2010)

time: Mon Aug 15 14:55:51 2016
elapsed time: 3 seconds (0d 0h 0m 3s)

