#
# There is insufficient memory for the Java Runtime Environment to continue.
# Native memory allocation (malloc) failed to allocate 1048576 bytes for AllocateHeap
# Possible reasons:
#   The system is out of physical RAM or swap space
#   In 32 bit mode, the process size limit was hit
# Possible solutions:
#   Reduce memory load on the system
#   Increase physical memory or swap space
#   Check if swap backing store is full
#   Use 64 bit Java on a 64 bit OS
#   Decrease Java heap size (-Xmx/-Xms)
#   Decrease number of Java threads
#   Decrease Java thread stack sizes (-Xss)
#   Set larger code cache with -XX:ReservedCodeCacheSize=
# This output file may be truncated or incomplete.
#
#  Out of Memory Error (memory/allocation.inline.hpp:61), pid=9052, tid=0x0000000000001764
#
# JRE version:  (8.0_101-b13) (build )
# Java VM: Java HotSpot(TM) 64-Bit Server VM (25.101-b13 mixed mode windows-amd64 compressed oops)
# Failed to write core dump. Minidumps are not enabled by default on client versions of Windows
#

---------------  T H R E A D  ---------------

Current thread (0x0000000002251000):  JavaThread "Unknown thread" [_thread_in_vm, id=5988, stack(0x0000000002080000,0x0000000002180000)]

Stack: [0x0000000002080000,0x0000000002180000]
[error occurred during error reporting (printing stack bounds), id 0xc0000005]

Native frames: (J=compiled Java code, j=interpreted, Vv=VM code, C=native code)


---------------  P R O C E S S  ---------------

Java Threads: ( => current thread )

Other Threads:

=>0x0000000002251000 (exited) JavaThread "Unknown thread" [_thread_in_vm, id=5988, stack(0x0000000002080000,0x0000000002180000)]

VM state:not at safepoint (normal execution)

VM Mutex/Monitor currently owned by a thread: None

Heap:
 PSYoungGen      total 38400K, used 665K [0x00000000eab00000, 0x00000000ed580000, 0x0000000100000000)
  eden space 33280K, 2% used [0x00000000eab00000,0x00000000eaba6670,0x00000000ecb80000)
  from space 5120K, 0% used [0x00000000ed080000,0x00000000ed080000,0x00000000ed580000)
  to   space 5120K, 0% used [0x00000000ecb80000,0x00000000ecb80000,0x00000000ed080000)
 ParOldGen       total 87552K, used 0K [0x00000000c0000000, 0x00000000c5580000, 0x00000000eab00000)
  object space 87552K, 0% used [0x00000000c0000000,0x00000000c0000000,0x00000000c5580000)
 Metaspace       used 769K, capacity 4480K, committed 4480K, reserved 1056768K
  class space    used 75K, capacity 384K, committed 384K, reserved 1048576K

Card table byte_map: [0x0000000011710000,0x0000000011920000] byte_map_base: 0x0000000011110000

Marking Bits: (ParMarkBitMap*) 0x000000006a44a6d0
 Begin Bits: [0x0000000011e80000, 0x0000000012e80000)
 End Bits:   [0x0000000012e80000, 0x0000000013e80000)

Polling page: 0x00000000008d0000

CodeCache: size=245760Kb used=328Kb max_used=328Kb free=245431Kb
 bounds [0x0000000002350000, 0x00000000025c0000, 0x0000000011350000]
 total_blobs=58 nmethods=0 adapters=38
 compilation: enabled

Compilation events (0 events):
No events

GC Heap History (0 events):
No events

Deoptimization events (0 events):
No events

Internal exceptions (0 events):
No events

Events (10 events):
Event: 0.227 loading class java/lang/Short
Event: 0.227 loading class java/lang/Short done
Event: 0.227 loading class java/lang/Integer
Event: 0.227 loading class java/lang/Integer done
Event: 0.227 loading class java/lang/Long
Event: 0.227 loading class java/lang/Long done
Event: 0.228 loading class java/lang/NullPointerException
Event: 0.228 loading class java/lang/NullPointerException done
Event: 0.228 loading class java/lang/ArithmeticException
Event: 0.229 loading class java/lang/ArithmeticException done


Dynamic libraries:
0x00007ff65dfb0000 - 0x00007ff65dfe7000 	C:\Program Files\Java\jdk1.8.0_101\bin\java.exe
0x00007fffb0710000 - 0x00007fffb08d1000 	C:\Windows\SYSTEM32\ntdll.dll
0x00007fffaf830000 - 0x00007fffaf8dd000 	C:\Windows\system32\KERNEL32.DLL
0x00007fff9a6b0000 - 0x00007fff9a6e3000 	D:\Program Files (x86)\AVG\Av\avghooka.dll
0x00007fffad840000 - 0x00007fffada28000 	C:\Windows\system32\KERNELBASE.dll
0x00007fffafe20000 - 0x00007fffafec7000 	C:\Windows\system32\ADVAPI32.dll
0x00007fffaf330000 - 0x00007fffaf3cd000 	C:\Windows\system32\msvcrt.dll
0x00007fffaf4b0000 - 0x00007fffaf50b000 	C:\Windows\system32\sechost.dll
0x00007fffb0490000 - 0x00007fffb05ac000 	C:\Windows\system32\RPCRT4.dll
0x00007fffb05b0000 - 0x00007fffb0706000 	C:\Windows\system32\USER32.dll
0x00007fffafed0000 - 0x00007fffb0056000 	C:\Windows\system32\GDI32.dll
0x00007fff9b560000 - 0x00007fff9b7d4000 	C:\Windows\WinSxS\amd64_microsoft.windows.common-controls_6595b64144ccf1df_6.0.10586.494_none_a2d8b04ea53e3145\COMCTL32.dll
0x00007fffb0080000 - 0x00007fffb02fd000 	C:\Windows\system32\combase.dll
0x00007fffad7d0000 - 0x00007fffad83a000 	C:\Windows\system32\bcryptPrimitives.dll
0x00007fffb0380000 - 0x00007fffb03bb000 	C:\Windows\system32\IMM32.DLL
0x00000000697a0000 - 0x0000000069872000 	C:\Program Files\Java\jdk1.8.0_101\jre\bin\msvcr100.dll
0x0000000069c30000 - 0x000000006a4ca000 	C:\Program Files\Java\jdk1.8.0_101\jre\bin\server\jvm.dll
0x00007fffaf3d0000 - 0x00007fffaf3d8000 	C:\Windows\system32\PSAPI.DLL
0x00007fffa27f0000 - 0x00007fffa27f9000 	C:\Windows\SYSTEM32\WSOCK32.dll
0x00007fffb0420000 - 0x00007fffb048b000 	C:\Windows\system32\WS2_32.dll
0x00007fffaafb0000 - 0x00007fffaafd3000 	C:\Windows\SYSTEM32\WINMM.dll
0x00007fffa2330000 - 0x00007fffa233a000 	C:\Windows\SYSTEM32\VERSION.dll
0x00007fffaaf50000 - 0x00007fffaaf7c000 	C:\Windows\SYSTEM32\WINMMBASE.dll
0x00007fffada30000 - 0x00007fffada73000 	C:\Windows\system32\cfgmgr32.dll
0x0000000069c20000 - 0x0000000069c2f000 	C:\Program Files\Java\jdk1.8.0_101\jre\bin\verify.dll
0x0000000069bf0000 - 0x0000000069c19000 	C:\Program Files\Java\jdk1.8.0_101\jre\bin\java.dll
0x0000000069bd0000 - 0x0000000069be6000 	C:\Program Files\Java\jdk1.8.0_101\jre\bin\zip.dll

VM Arguments:
jvm_args: -Djava.awt.headless=true -Xmx1024M -Dfile.encoding=windows-1252 -Duser.country=US -Duser.language=en -Duser.variant 
java_command: com.android.dx.command.Main --dex --force-jumbo --multi-dex --output C:\project\LocationNearby2Ali\app\build\intermediates\transforms\dex\debug\folders\1000\10\com.google.android.gms-play-services-vision-7.8.0_b0e663702b5b9cc1e28531a2a2c41b44659eec2a C:\project\LocationNearby2Ali\app\build\intermediates\exploded-aar\com.google.android.gms\play-services-vision\7.8.0\jars\classes.jar
java_class_path (initial): C:\Users\Success\AppData\Local\Android\sdk\build-tools\22.0.1\lib\dx.jar
Launcher Type: SUN_STANDARD

Environment Variables:
PATH=C:\ProgramData\Oracle\Java\javapath;C:\Windows\system32;C:\Windows;C:\Windows\System32\Wbem;C:\Windows\System32\WindowsPowerShell\v1.0\;C:\Program Files\nodejs\;C:\Program Files (x86)\nodejs\;C:\Program Files (x86)\Brackets\command;C:\Users\Success\AppData\Roaming\npm;C:\Program Files (x86)\Java\jre7\bin
USERNAME=Success
OS=Windows_NT
PROCESSOR_IDENTIFIER=Intel64 Family 6 Model 42 Stepping 7, GenuineIntel



---------------  S Y S T E M  ---------------

OS: Windows 10.0 , 64 bit Build 10586 (10.0.10586.0)

CPU:total 4 (2 cores per cpu, 2 threads per core) family 6 model 42 stepping 7, cmov, cx8, fxsr, mmx, sse, sse2, sse3, ssse3, sse4.1, sse4.2, popcnt, avx, aes, clmul, ht, tsc, tscinvbit

Memory: 4k page, physical 8266800k(623428k free), swap 9315376k(5672k free)

vm_info: Java HotSpot(TM) 64-Bit Server VM (25.101-b13) for windows-amd64 JRE (1.8.0_101-b13), built on Jun 22 2016 01:21:29 by "java_re" with MS VC++ 10.0 (VS2010)

time: Mon Aug 15 14:55:47 2016
elapsed time: 0 seconds (0d 0h 0m 0s)

