#
# There is insufficient memory for the Java Runtime Environment to continue.
# Native memory allocation (malloc) failed to allocate 32744 bytes for ChunkPool::allocate
# Possible reasons:
#   The system is out of physical RAM or swap space
#   In 32 bit mode, the process size limit was hit
# Possible solutions:
#   Reduce memory load on the system
#   Increase physical memory or swap space
#   Check if swap backing store is full
#   Use 64 bit Java on a 64 bit OS
#   Decrease Java heap size (-Xmx/-Xms)
#   Decrease number of Java threads
#   Decrease Java thread stack sizes (-Xss)
#   Set larger code cache with -XX:ReservedCodeCacheSize=
# This output file may be truncated or incomplete.
#
#  Out of Memory Error (allocation.cpp:273), pid=3288, tid=0x00000000000000d0
#
# JRE version: Java(TM) SE Runtime Environment (8.0_101-b13) (build 1.8.0_101-b13)
# Java VM: Java HotSpot(TM) 64-Bit Server VM (25.101-b13 mixed mode windows-amd64 compressed oops)
# Failed to write core dump. Minidumps are not enabled by default on client versions of Windows
#

---------------  T H R E A D  ---------------

Current thread (0x00000000155fa000):  JavaThread "C1 CompilerThread2" daemon [_thread_in_native, id=208, stack(0x0000000016dd0000,0x0000000016ed0000)]

Stack: [0x0000000016dd0000,0x0000000016ed0000]
[error occurred during error reporting (printing stack bounds), id 0xc0000005]

Native frames: (J=compiled Java code, j=interpreted, Vv=VM code, C=native code)


Current CompileTask:
C1:   7188 1483   !   3      
[error occurred during error reporting (printing current compile task), id 0xe0000001]


---------------  P R O C E S S  ---------------

Java Threads: ( => current thread )
  0x00000000155fd000 JavaThread "Service Thread" daemon [_thread_blocked, id=7532, stack(0x00000000172d0000,0x00000000173d0000)]
=>0x00000000155fa000 JavaThread "C1 CompilerThread2" daemon [_thread_in_native, id=208, stack(0x0000000016dd0000,0x0000000016ed0000)]
  0x00000000155f7800 JavaThread "C2 CompilerThread1" daemon [_thread_in_native, id=1864, stack(0x0000000016cd0000,0x0000000016dd0000)]
  0x000000001559a800 JavaThread "C2 CompilerThread0" daemon [_thread_in_native, id=10276, stack(0x0000000016bd0000,0x0000000016cd0000)]
  0x0000000015599000 JavaThread "Attach Listener" daemon [_thread_blocked, id=5924, stack(0x0000000016ad0000,0x0000000016bd0000)]
  0x0000000015598000 JavaThread "Signal Dispatcher" daemon [_thread_blocked, id=9956, stack(0x00000000169d0000,0x0000000016ad0000)]
  0x0000000002ec4000 JavaThread "Finalizer" daemon [_thread_blocked, id=9496, stack(0x00000000167f0000,0x00000000168f0000)]
  0x0000000002ebf000 JavaThread "Reference Handler" daemon [_thread_blocked, id=7424, stack(0x00000000166f0000,0x00000000167f0000)]
  0x0000000002dd1000 JavaThread "main" [_thread_in_vm, id=1692, stack(0x0000000002c40000,0x0000000002d40000)]

Other Threads:
  0x0000000015568000 VMThread [stack: 0x00000000165f0000,0x00000000166f0000] [id=9680]
  0x0000000016ed6000 WatcherThread [stack: 0x00000000173d0000,0x00000000174d0000] [id=10388]

VM state:not at safepoint (normal execution)

VM Mutex/Monitor currently owned by a thread: None

Heap:
 PSYoungGen      total 38400K, used 17301K [0x00000000eab00000, 0x00000000ed580000, 0x0000000100000000)
  eden space 33280K, 36% used [0x00000000eab00000,0x00000000eb6e77e8,0x00000000ecb80000)
  from space 5120K, 99% used [0x00000000ecb80000,0x00000000ed07dc88,0x00000000ed080000)
  to   space 5120K, 0% used [0x00000000ed080000,0x00000000ed080000,0x00000000ed580000)
 ParOldGen       total 87552K, used 1900K [0x00000000c0000000, 0x00000000c5580000, 0x00000000eab00000)
  object space 87552K, 2% used [0x00000000c0000000,0x00000000c01db090,0x00000000c5580000)
 Metaspace       used 5855K, capacity 7024K, committed 7296K, reserved 1056768K
  class space    used 560K, capacity 616K, committed 640K, reserved 1048576K

Card table byte_map: [0x0000000012290000,0x00000000124a0000] byte_map_base: 0x0000000011c90000

Marking Bits: (ParMarkBitMap*) 0x000000006a44a6d0
 Begin Bits: [0x0000000012a00000, 0x0000000013a00000)
 End Bits:   [0x0000000013a00000, 0x0000000014a00000)

Polling page: 0x0000000001300000

CodeCache: size=245760Kb used=6442Kb max_used=6442Kb free=239317Kb
 bounds [0x0000000002ed0000, 0x0000000003520000, 0x0000000011ed0000]
 total_blobs=1741 nmethods=1476 adapters=178
 compilation: enabled

Compilation events (10 events):
Event: 7.102 Thread 0x00000000155fa000 nmethod 1478 0x000000000351cf90 code [0x000000000351d100, 0x000000000351d2e8]
Event: 7.103 Thread 0x00000000155fa000 1479       1       com.android.dx.cf.attrib.AttSignature::byteLength (3 bytes)
Event: 7.103 Thread 0x00000000155fa000 nmethod 1479 0x000000000351d3d0 code [0x000000000351d520, 0x000000000351d630]
Event: 7.106 Thread 0x00000000155fa000 1480       3       com.android.dx.rop.type.Type::getInitializedType (42 bytes)
Event: 7.107 Thread 0x00000000155fa000 nmethod 1480 0x000000000351d690 code [0x000000000351d860, 0x000000000351e078]
Event: 7.180 Thread 0x00000000155fa000 1481       1       com.android.dx.cf.attrib.AttConstantValue::byteLength (3 bytes)
Event: 7.181 Thread 0x00000000155fa000 nmethod 1481 0x000000000351e3d0 code [0x000000000351e520, 0x000000000351e630]
Event: 7.181 Thread 0x00000000155fa000 1482       1       com.android.dx.cf.attrib.AttConstantValue::getConstantValue (5 bytes)
Event: 7.181 Thread 0x00000000155fa000 nmethod 1482 0x000000000351e690 code [0x000000000351e7e0, 0x000000000351e8f0]
Event: 7.182 Thread 0x00000000155fa000 1483   !   3       com.android.dx.cf.cst.ConstantPoolParser::parse0 (731 bytes)

GC Heap History (2 events):
Event: 6.744 GC heap before
{Heap before GC invocations=1 (full 0):
 PSYoungGen      total 38400K, used 33280K [0x00000000eab00000, 0x00000000ed580000, 0x0000000100000000)
  eden space 33280K, 100% used [0x00000000eab00000,0x00000000ecb80000,0x00000000ecb80000)
  from space 5120K, 0% used [0x00000000ed080000,0x00000000ed080000,0x00000000ed580000)
  to   space 5120K, 0% used [0x00000000ecb80000,0x00000000ecb80000,0x00000000ed080000)
 ParOldGen       total 87552K, used 0K [0x00000000c0000000, 0x00000000c5580000, 0x00000000eab00000)
  object space 87552K, 0% used [0x00000000c0000000,0x00000000c0000000,0x00000000c5580000)
 Metaspace       used 5800K, capacity 6960K, committed 7040K, reserved 1056768K
  class space    used 559K, capacity 616K, committed 640K, reserved 1048576K
Event: 6.755 GC heap after
Heap after GC invocations=1 (full 0):
 PSYoungGen      total 38400K, used 5111K [0x00000000eab00000, 0x00000000ed580000, 0x0000000100000000)
  eden space 33280K, 0% used [0x00000000eab00000,0x00000000eab00000,0x00000000ecb80000)
  from space 5120K, 99% used [0x00000000ecb80000,0x00000000ed07dc88,0x00000000ed080000)
  to   space 5120K, 0% used [0x00000000ed080000,0x00000000ed080000,0x00000000ed580000)
 ParOldGen       total 87552K, used 1900K [0x00000000c0000000, 0x00000000c5580000, 0x00000000eab00000)
  object space 87552K, 2% used [0x00000000c0000000,0x00000000c01db090,0x00000000c5580000)
 Metaspace       used 5800K, capacity 6960K, committed 7040K, reserved 1056768K
  class space    used 559K, capacity 616K, committed 640K, reserved 1048576K
}

Deoptimization events (10 events):
Event: 4.156 Thread 0x0000000002dd1000 Uncommon trap: reason=class_check action=maybe_recompile pc=0x0000000003176fb0 method=com.android.dx.ssa.NormalSsaInsn.accept(Lcom/android/dx/ssa/SsaInsn$Visitor;)V @ 9
Event: 4.159 Thread 0x0000000002dd1000 Uncommon trap: reason=class_check action=maybe_recompile pc=0x00000000031d5520 method=com.android.dx.ssa.NormalSsaInsn.accept(Lcom/android/dx/ssa/SsaInsn$Visitor;)V @ 9
Event: 5.834 Thread 0x0000000002dd1000 Uncommon trap: reason=unstable_if action=reinterpret pc=0x00000000032a957c method=com.android.dx.rop.code.RegisterSpecSet.put(Lcom/android/dx/rop/code/RegisterSpec;)V @ 77
Event: 6.398 Thread 0x0000000002dd1000 Uncommon trap: reason=unstable_if action=reinterpret pc=0x00000000033c1bac method=com.android.dx.ssa.SCCP.simulateStmt(Lcom/android/dx/ssa/SsaInsn;)V @ 469
Event: 6.732 Thread 0x0000000002dd1000 Uncommon trap: reason=uninitialized action=reinterpret pc=0x0000000003401a3c method=com.android.dx.cf.code.BytecodeArray.parseInstruction(ILcom/android/dx/cf/code/BytecodeArray$Visitor;)I @ 999
Event: 7.074 Thread 0x0000000002dd1000 Uncommon trap: reason=class_check action=maybe_recompile pc=0x00000000034698dc method=com.android.dx.ssa.SsaMethod.isRegALocal(Lcom/android/dx/rop/code/RegisterSpec;)Z @ 16
Event: 7.074 Thread 0x0000000002dd1000 Uncommon trap: reason=class_check action=maybe_recompile pc=0x00000000034698dc method=com.android.dx.ssa.SsaMethod.isRegALocal(Lcom/android/dx/rop/code/RegisterSpec;)Z @ 16
Event: 7.074 Thread 0x0000000002dd1000 Uncommon trap: reason=class_check action=maybe_recompile pc=0x00000000034698dc method=com.android.dx.ssa.SsaMethod.isRegALocal(Lcom/android/dx/rop/code/RegisterSpec;)Z @ 16
Event: 7.074 Thread 0x0000000002dd1000 Uncommon trap: reason=class_check action=maybe_recompile pc=0x00000000034698dc method=com.android.dx.ssa.SsaMethod.isRegALocal(Lcom/android/dx/rop/code/RegisterSpec;)Z @ 16
Event: 7.182 Thread 0x0000000002dd1000 Uncommon trap: reason=unloaded action=reinterpret pc=0x000000000344fa04 method=com.android.dx.cf.cst.ConstantPoolParser.parse0(ILjava/util/BitSet;)Lcom/android/dx/rop/cst/Constant; @ 198

Internal exceptions (2 events):
Event: 1.967 Thread 0x0000000002dd1000 Exception <a 'java/lang/NoSuchMethodError': Method sun.misc.Unsafe.defineClass(Ljava/lang/String;[BII)Ljava/lang/Class; name or signature does not match> (0x00000000eab07cc0) thrown at [C:\re\workspace\8-2-build-windows-amd64-cygwin\jdk8u101\7261\hotspot\sîåni‰yÿ?
Event: 1.967 Thread 0x0000000002dd1000 Exception <a 'java/lang/NoSuchMethodError': Method sun.misc.Unsafe.prefetchRead(Ljava/lang/Object;J)V name or signature does not match> (0x00000000eab07fa8) thrown at [C:\re\workspace\8-2-build-windows-amd64-cygwin\jdk8u101\7261\hotspot\src\share\vm\prims\

Events (10 events):
Event: 7.074 Thread 0x0000000002dd1000 DEOPT UNPACKING pc=0x0000000002f1582a sp=0x0000000002d3e338 mode 2
Event: 7.074 Thread 0x0000000002dd1000 Uncommon trap: trap_request=0xffffffde fr.pc=0x00000000034698dc
Event: 7.074 Thread 0x0000000002dd1000 DEOPT PACKING pc=0x00000000034698dc sp=0x0000000002d3e3d0
Event: 7.074 Thread 0x0000000002dd1000 DEOPT UNPACKING pc=0x0000000002f1582a sp=0x0000000002d3e338 mode 2
Event: 7.074 Thread 0x0000000002dd1000 Uncommon trap: trap_request=0xffffffde fr.pc=0x00000000034698dc
Event: 7.074 Thread 0x0000000002dd1000 DEOPT PACKING pc=0x00000000034698dc sp=0x0000000002d3e3d0
Event: 7.074 Thread 0x0000000002dd1000 DEOPT UNPACKING pc=0x0000000002f1582a sp=0x0000000002d3e338 mode 2
Event: 7.182 Thread 0x0000000002dd1000 Uncommon trap: trap_request=0x000000d0 fr.pc=0x000000000344fa04
Event: 7.182 Thread 0x0000000002dd1000 DEOPT PACKING pc=0x000000000344fa04 sp=0x0000000002d3e7b0
Event: 7.182 Thread 0x0000000002dd1000 DEOPT UNPACKING pc=0x0000000002f1582a sp=0x0000000002d3e760 mode 2


Dynamic libraries:
0x00007ff65dfb0000 - 0x00007ff65dfe7000 	C:\Program Files\Java\jdk1.8.0_101\bin\java.exe
0x00007fffb0710000 - 0x00007fffb08d1000 	C:\Windows\SYSTEM32\ntdll.dll
0x00007fffaf830000 - 0x00007fffaf8dd000 	C:\Windows\system32\KERNEL32.DLL
0x00007fff9a6b0000 - 0x00007fff9a6e3000 	D:\Program Files (x86)\AVG\Av\avghooka.dll
0x00007fffad840000 - 0x00007fffada28000 	C:\Windows\system32\KERNELBASE.dll
0x00007fffafe20000 - 0x00007fffafec7000 	C:\Windows\system32\ADVAPI32.dll
0x00007fffaf330000 - 0x00007fffaf3cd000 	C:\Windows\system32\msvcrt.dll
0x00007fffaf4b0000 - 0x00007fffaf50b000 	C:\Windows\system32\sechost.dll
0x00007fffb0490000 - 0x00007fffb05ac000 	C:\Windows\system32\RPCRT4.dll
0x00007fffb05b0000 - 0x00007fffb0706000 	C:\Windows\system32\USER32.dll
0x00007fffafed0000 - 0x00007fffb0056000 	C:\Windows\system32\GDI32.dll
0x00007fff9b560000 - 0x00007fff9b7d4000 	C:\Windows\WinSxS\amd64_microsoft.windows.common-controls_6595b64144ccf1df_6.0.10586.494_none_a2d8b04ea53e3145\COMCTL32.dll
0x00007fffb0080000 - 0x00007fffb02fd000 	C:\Windows\system32\combase.dll
0x00007fffad7d0000 - 0x00007fffad83a000 	C:\Windows\system32\bcryptPrimitives.dll
0x00007fffb0380000 - 0x00007fffb03bb000 	C:\Windows\system32\IMM32.DLL
0x00000000697a0000 - 0x0000000069872000 	C:\Program Files\Java\jdk1.8.0_101\jre\bin\msvcr100.dll
0x0000000069c30000 - 0x000000006a4ca000 	C:\Program Files\Java\jdk1.8.0_101\jre\bin\server\jvm.dll
0x00007fffaf3d0000 - 0x00007fffaf3d8000 	C:\Windows\system32\PSAPI.DLL
0x00007fffa27f0000 - 0x00007fffa27f9000 	C:\Windows\SYSTEM32\WSOCK32.dll
0x00007fffb0420000 - 0x00007fffb048b000 	C:\Windows\system32\WS2_32.dll
0x00007fffaafb0000 - 0x00007fffaafd3000 	C:\Windows\SYSTEM32\WINMM.dll
0x00007fffa2330000 - 0x00007fffa233a000 	C:\Windows\SYSTEM32\VERSION.dll
0x00007fffaaf50000 - 0x00007fffaaf7c000 	C:\Windows\SYSTEM32\WINMMBASE.dll
0x00007fffada30000 - 0x00007fffada73000 	C:\Windows\system32\cfgmgr32.dll
0x0000000069c20000 - 0x0000000069c2f000 	C:\Program Files\Java\jdk1.8.0_101\jre\bin\verify.dll
0x0000000069bf0000 - 0x0000000069c19000 	C:\Program Files\Java\jdk1.8.0_101\jre\bin\java.dll
0x0000000069bd0000 - 0x0000000069be6000 	C:\Program Files\Java\jdk1.8.0_101\jre\bin\zip.dll
0x00007fffaddd0000 - 0x00007fffaf32c000 	C:\Windows\system32\SHELL32.dll
0x00007fffacf90000 - 0x00007fffad5d5000 	C:\Windows\system32\windows.storage.dll
0x00007fffafdc0000 - 0x00007fffafe12000 	C:\Windows\system32\shlwapi.dll
0x00007fffacd30000 - 0x00007fffacd3f000 	C:\Windows\system32\kernel.appcore.dll
0x00007fffad5e0000 - 0x00007fffad695000 	C:\Windows\system32\shcore.dll
0x00007fffacd60000 - 0x00007fffacdab000 	C:\Windows\system32\powrprof.dll
0x00007fffacd40000 - 0x00007fffacd54000 	C:\Windows\system32\profapi.dll

VM Arguments:
jvm_args: -Djava.awt.headless=true -Xmx1024M -Dfile.encoding=windows-1252 -Duser.country=US -Duser.language=en -Duser.variant 
java_command: com.android.dx.command.Main --dex --force-jumbo --multi-dex --output C:\project\LocationNearby2Ali\app\build\intermediates\transforms\dex\debug\folders\1000\10\com.google.android.gms-play-services-fitness-7.8.0_e7bef482d92d3ed90819491be16a51806050356e C:\project\LocationNearby2Ali\app\build\intermediates\exploded-aar\com.google.android.gms\play-services-fitness\7.8.0\jars\classes.jar
java_class_path (initial): C:\Users\Success\AppData\Local\Android\sdk\build-tools\22.0.1\lib\dx.jar
Launcher Type: SUN_STANDARD

Environment Variables:
PATH=C:\ProgramData\Oracle\Java\javapath;C:\Windows\system32;C:\Windows;C:\Windows\System32\Wbem;C:\Windows\System32\WindowsPowerShell\v1.0\;C:\Program Files\nodejs\;C:\Program Files (x86)\nodejs\;C:\Program Files (x86)\Brackets\command;C:\Users\Success\AppData\Roaming\npm;C:\Program Files (x86)\Java\jre7\bin
USERNAME=Success
OS=Windows_NT
PROCESSOR_IDENTIFIER=Intel64 Family 6 Model 42 Stepping 7, GenuineIntel



---------------  S Y S T E M  ---------------

OS: Windows 10.0 , 64 bit Build 10586 (10.0.10586.0)

CPU:total 4 (2 cores per cpu, 2 threads per core) family 6 model 42 stepping 7, cmov, cx8, fxsr, mmx, sse, sse2, sse3, ssse3, sse4.1, sse4.2, popcnt, avx, aes, clmul, ht, tsc, tscinvbit

Memory: 4k page, physical 8266800k(620000k free), swap 9315376k(4188k free)

vm_info: Java HotSpot(TM) 64-Bit Server VM (25.101-b13) for windows-amd64 JRE (1.8.0_101-b13), built on Jun 22 2016 01:21:29 by "java_re" with MS VC++ 10.0 (VS2010)

time: Mon Aug 15 14:55:47 2016
elapsed time: 7 seconds (0d 0h 0m 7s)

